<?xml version="1.0" encoding="UTF-8"?>
<testsuite name="com.workshop.TestSelenium" tests="1" skipped="0" failures="0" errors="0" timestamp="2021-03-23T22:16:35" hostname="CPX-YRLQ0S57OK8" time="22.441">
  <properties/>
  <testcase name="searchFlights" classname="com.workshop.TestSelenium" time="22.441"/>
  <system-out><![CDATA[]]></system-out>
  <system-err><![CDATA[Starting ChromeDriver 89.0.4389.23 (61b08ee2c50024bab004e48d2b1b083cdbdac579-refs/branch-heads/4389@{#294}) on port 31377
Only local connections are allowed.
Please see https://chromedriver.chromium.org/security-considerations for suggestions on keeping ChromeDriver safe.
ChromeDriver was started successfully.
Mar 23, 2021 5:16:40 PM org.openqa.selenium.remote.ProtocolHandshake createSession
INFO: Detected dialect: W3C
]]></system-err>
</testsuite>
